<?xml version="1.0" encoding="UTF-8"?>
<!-- Generated by org.testng.reporters.JUnitXMLReporter -->
<testsuite hostname="DESKTOP-VTBT3RG" ignored="0" name="Default test" tests="4" failures="0" timestamp="2023-08-27T11:41:52 IST" time="0.04" errors="0">
  <testcase name="Testcase3" time="0.004" classname="testNgAnnotations.FristClass"/>
  <testcase name="Testcase2" time="0.001" classname="testNgAnnotations.FristClass"/>
  <testcase name="Testcase1" time="0.003" classname="testNgAnnotations.FristClass"/>
  <testcase name="Testcase4" time="0.001" classname="testNgAnnotations.FristClass"/>
</testsuite> <!-- Default test -->
