<?xml version="1.0" encoding="UTF-8"?>
<!-- Generated by org.testng.reporters.JUnitXMLReporter -->
<testsuite hostname="DESKTOP-VTBT3RG" ignored="0" name="Test" tests="6" failures="0" timestamp="2023-09-05T08:54:49 IST" time="67.135" errors="0">
  <testcase name="SearchWithValidValues" time="20.451" classname="TestCase.SearchTestcase"/>
  <testcase name="SearchWithValidValues" time="13.656" classname="TestCase.SearchTestcase"/>
  <testcase name="SearchWithValidValues" time="11.037" classname="TestCase.SearchTestcase"/>
  <testcase name="SearchWithSameCity" time="6.092" classname="TestCase.SearchTestcase"/>
  <testcase name="SearchWithSameCity" time="5.684" classname="TestCase.SearchTestcase"/>
  <testcase name="SearchWithSameCity" time="5.745" classname="TestCase.SearchTestcase"/>
</testsuite> <!-- Test -->
