<?xml version="1.0" encoding="UTF-8"?>
<testng-results skipped="0" failed="0" ignored="0" total="6" passed="6">
  <reporter-output>
  </reporter-output>
  <suite name="Suite" duration-ms="67135" started-at="2023-09-05T08:53:42 IST" finished-at="2023-09-05T08:54:49 IST">
    <groups>
    </groups>
    <test name="Test" duration-ms="67135" started-at="2023-09-05T08:53:42 IST" finished-at="2023-09-05T08:54:49 IST">
      <class name="TestCase.SearchTestcase">
        <test-method status="PASS" signature="LauchTheBrowser()[pri:0, instance:TestCase.SearchTestcase@704d6e83]" name="LauchTheBrowser" is-config="true" duration-ms="2735" started-at="2023-09-05T08:53:39 IST" finished-at="2023-09-05T08:53:42 IST">
          <reporter-output>
          </reporter-output>
        </test-method> <!-- LauchTheBrowser -->
        <test-method status="PASS" signature="LaunchTheURL()[pri:0, instance:TestCase.SearchTestcase@704d6e83]" name="LaunchTheURL" is-config="true" duration-ms="2250" started-at="2023-09-05T08:53:42 IST" finished-at="2023-09-05T08:53:44 IST">
          <reporter-output>
          </reporter-output>
        </test-method> <!-- LaunchTheURL -->
        <test-method status="PASS" signature="ClearAdd()[pri:0, instance:TestCase.SearchTestcase@704d6e83]" name="ClearAdd" is-config="true" duration-ms="1944" started-at="2023-09-05T08:53:44 IST" finished-at="2023-09-05T08:53:46 IST">
          <reporter-output>
          </reporter-output>
        </test-method> <!-- ClearAdd -->
        <test-method status="PASS" signature="SearchWithValidValues(java.lang.String,java.lang.String,java.lang.String)[pri:1, instance:TestCase.SearchTestcase@704d6e83]" name="SearchWithValidValues" duration-ms="20451" started-at="2023-09-05T08:53:46 IST" data-provider="ValidTestCase" finished-at="2023-09-05T08:54:07 IST">
          <params>
            <param index="0">
              <value>
                <![CDATA[MAA]]>
              </value>
            </param>
            <param index="1">
              <value>
                <![CDATA[DEL]]>
              </value>
            </param>
            <param index="2">
              <value>
                <![CDATA[17]]>
              </value>
            </param>
          </params>
          <reporter-output>
          </reporter-output>
        </test-method> <!-- SearchWithValidValues -->
        <test-method status="PASS" signature="SearchWithValidValues(java.lang.String,java.lang.String,java.lang.String)[pri:1, instance:TestCase.SearchTestcase@704d6e83]" name="SearchWithValidValues" duration-ms="13656" started-at="2023-09-05T08:54:07 IST" data-provider="ValidTestCase" finished-at="2023-09-05T08:54:20 IST">
          <params>
            <param index="0">
              <value>
                <![CDATA[BOM]]>
              </value>
            </param>
            <param index="1">
              <value>
                <![CDATA[MAA]]>
              </value>
            </param>
            <param index="2">
              <value>
                <![CDATA[27]]>
              </value>
            </param>
          </params>
          <reporter-output>
          </reporter-output>
        </test-method> <!-- SearchWithValidValues -->
        <test-method status="PASS" signature="SearchWithValidValues(java.lang.String,java.lang.String,java.lang.String)[pri:1, instance:TestCase.SearchTestcase@704d6e83]" name="SearchWithValidValues" duration-ms="11037" started-at="2023-09-05T08:54:20 IST" data-provider="ValidTestCase" finished-at="2023-09-05T08:54:31 IST">
          <params>
            <param index="0">
              <value>
                <![CDATA[BKK]]>
              </value>
            </param>
            <param index="1">
              <value>
                <![CDATA[HYD]]>
              </value>
            </param>
            <param index="2">
              <value>
                <![CDATA[12]]>
              </value>
            </param>
          </params>
          <reporter-output>
          </reporter-output>
        </test-method> <!-- SearchWithValidValues -->
        <test-method status="PASS" signature="SearchWithSameCity(java.lang.String,java.lang.String)[pri:2, instance:TestCase.SearchTestcase@704d6e83]" name="SearchWithSameCity" duration-ms="6092" started-at="2023-09-05T08:54:31 IST" data-provider="searchWithInValid" finished-at="2023-09-05T08:54:38 IST">
          <params>
            <param index="0">
              <value>
                <![CDATA[MAA]]>
              </value>
            </param>
            <param index="1">
              <value>
                <![CDATA[MAA]]>
              </value>
            </param>
          </params>
          <reporter-output>
          </reporter-output>
        </test-method> <!-- SearchWithSameCity -->
        <test-method status="PASS" signature="SearchWithSameCity(java.lang.String,java.lang.String)[pri:2, instance:TestCase.SearchTestcase@704d6e83]" name="SearchWithSameCity" duration-ms="5684" started-at="2023-09-05T08:54:38 IST" data-provider="searchWithInValid" finished-at="2023-09-05T08:54:43 IST">
          <params>
            <param index="0">
              <value>
                <![CDATA[BOM]]>
              </value>
            </param>
            <param index="1">
              <value>
                <![CDATA[BOM]]>
              </value>
            </param>
          </params>
          <reporter-output>
          </reporter-output>
        </test-method> <!-- SearchWithSameCity -->
        <test-method status="PASS" signature="SearchWithSameCity(java.lang.String,java.lang.String)[pri:2, instance:TestCase.SearchTestcase@704d6e83]" name="SearchWithSameCity" duration-ms="5745" started-at="2023-09-05T08:54:43 IST" data-provider="searchWithInValid" finished-at="2023-09-05T08:54:49 IST">
          <params>
            <param index="0">
              <value>
                <![CDATA[DEL]]>
              </value>
            </param>
            <param index="1">
              <value>
                <![CDATA[DEL]]>
              </value>
            </param>
          </params>
          <reporter-output>
          </reporter-output>
        </test-method> <!-- SearchWithSameCity -->
        <test-method status="PASS" signature="TearDown()[pri:0, instance:TestCase.SearchTestcase@704d6e83]" name="TearDown" is-config="true" duration-ms="901" started-at="2023-09-05T08:54:49 IST" finished-at="2023-09-05T08:54:50 IST">
          <reporter-output>
          </reporter-output>
        </test-method> <!-- TearDown -->
      </class> <!-- TestCase.SearchTestcase -->
    </test> <!-- Test -->
  </suite> <!-- Suite -->
</testng-results>
