<?xml version="1.0" encoding="UTF-8"?>
<testng-results skipped="0" failed="0" ignored="0" total="6" passed="6">
  <reporter-output>
  </reporter-output>
  <suite name="Suite" duration-ms="69" started-at="2023-08-29T08:40:44 IST" finished-at="2023-08-29T08:40:44 IST">
    <groups>
      <group name="Sanity">
        <method signature="FristClass.Testcase2()[pri:1, instance:testNgAnnotations.FristClass@2a70a3d8]" name="Testcase2" class="testNgAnnotations.FristClass"/>
        <method signature="FristClass.Testcase1()[pri:-2, instance:testNgAnnotations.FristClass@2a70a3d8]" name="Testcase1" class="testNgAnnotations.FristClass"/>
        <method signature="FristClass.Testcase3()[pri:-1, instance:testNgAnnotations.FristClass@2a70a3d8]" name="Testcase3" class="testNgAnnotations.FristClass"/>
        <method signature="SecondClass.Testcase5()[pri:-1, instance:testNgAnnotations.SecondClass@396e2f39]" name="Testcase5" class="testNgAnnotations.SecondClass"/>
        <method signature="SecondClass.Testcase6()[pri:-2, instance:testNgAnnotations.SecondClass@396e2f39]" name="Testcase6" class="testNgAnnotations.SecondClass"/>
      </group> <!-- Sanity -->
      <group name="SIT">
        <method signature="FristClass.Testcase3()[pri:-1, instance:testNgAnnotations.FristClass@2a70a3d8]" name="Testcase3" class="testNgAnnotations.FristClass"/>
        <method signature="FristClass.Testcase4()[pri:2, instance:testNgAnnotations.FristClass@2a70a3d8]" name="Testcase4" class="testNgAnnotations.FristClass"/>
      </group> <!-- SIT -->
    </groups>
    <test name="Test" duration-ms="69" started-at="2023-08-29T08:40:44 IST" finished-at="2023-08-29T08:40:44 IST">
      <class name="testNgAnnotations.SecondClass">
        <test-method status="PASS" signature="BeforeSuite()[pri:0, instance:testNgAnnotations.SecondClass@396e2f39]" name="BeforeSuite" is-config="true" duration-ms="6" started-at="2023-08-29T08:40:44 IST" finished-at="2023-08-29T08:40:44 IST">
          <reporter-output>
          </reporter-output>
        </test-method> <!-- BeforeSuite -->
        <test-method status="PASS" signature="BeforeClass()[pri:0, instance:testNgAnnotations.SecondClass@396e2f39]" name="BeforeClass" is-config="true" duration-ms="1" started-at="2023-08-29T08:40:44 IST" finished-at="2023-08-29T08:40:44 IST">
          <reporter-output>
          </reporter-output>
        </test-method> <!-- BeforeClass -->
        <test-method status="PASS" signature="Testcase6()[pri:-2, instance:testNgAnnotations.SecondClass@396e2f39]" name="Testcase6" duration-ms="2" started-at="2023-08-29T08:40:44 IST" description="forgotPassword" finished-at="2023-08-29T08:40:44 IST">
          <reporter-output>
          </reporter-output>
        </test-method> <!-- Testcase6 -->
        <test-method status="PASS" signature="Testcase5()[pri:-1, instance:testNgAnnotations.SecondClass@396e2f39]" name="Testcase5" duration-ms="4" started-at="2023-08-29T08:40:44 IST" description="Login" finished-at="2023-08-29T08:40:44 IST">
          <reporter-output>
          </reporter-output>
        </test-method> <!-- Testcase5 -->
        <test-method status="PASS" signature="AfterTest()[pri:0, instance:testNgAnnotations.SecondClass@396e2f39]" name="AfterTest" is-config="true" duration-ms="0" started-at="2023-08-29T08:40:44 IST" finished-at="2023-08-29T08:40:44 IST">
          <reporter-output>
          </reporter-output>
        </test-method> <!-- AfterTest -->
      </class> <!-- testNgAnnotations.SecondClass -->
      <class name="testNgAnnotations.FristClass">
        <test-method status="PASS" signature="BeforeTest()[pri:0, instance:testNgAnnotations.FristClass@2a70a3d8]" name="BeforeTest" is-config="true" duration-ms="0" started-at="2023-08-29T08:40:44 IST" finished-at="2023-08-29T08:40:44 IST">
          <reporter-output>
          </reporter-output>
        </test-method> <!-- BeforeTest -->
        <test-method status="PASS" signature="BeforeClass()[pri:0, instance:testNgAnnotations.FristClass@2a70a3d8]" name="BeforeClass" is-config="true" duration-ms="0" started-at="2023-08-29T08:40:44 IST" finished-at="2023-08-29T08:40:44 IST">
          <reporter-output>
          </reporter-output>
        </test-method> <!-- BeforeClass -->
        <test-method status="PASS" signature="BeforeMethod()[pri:0, instance:testNgAnnotations.FristClass@2a70a3d8]" name="BeforeMethod" is-config="true" duration-ms="1" started-at="2023-08-29T08:40:44 IST" finished-at="2023-08-29T08:40:44 IST">
          <reporter-output>
          </reporter-output>
        </test-method> <!-- BeforeMethod -->
        <test-method status="PASS" signature="Testcase3()[pri:-1, instance:testNgAnnotations.FristClass@2a70a3d8]" name="Testcase3" duration-ms="4" started-at="2023-08-29T08:40:44 IST" description="Login" finished-at="2023-08-29T08:40:44 IST">
          <reporter-output>
          </reporter-output>
        </test-method> <!-- Testcase3 -->
        <test-method status="PASS" signature="AfterMethod()[pri:0, instance:testNgAnnotations.FristClass@2a70a3d8]" name="AfterMethod" is-config="true" duration-ms="0" started-at="2023-08-29T08:40:44 IST" finished-at="2023-08-29T08:40:44 IST">
          <reporter-output>
          </reporter-output>
        </test-method> <!-- AfterMethod -->
        <test-method status="PASS" signature="BeforeMethod()[pri:0, instance:testNgAnnotations.FristClass@2a70a3d8]" name="BeforeMethod" is-config="true" duration-ms="0" started-at="2023-08-29T08:40:44 IST" finished-at="2023-08-29T08:40:44 IST">
          <reporter-output>
          </reporter-output>
        </test-method> <!-- BeforeMethod -->
        <test-method status="PASS" signature="Testcase2()[pri:1, instance:testNgAnnotations.FristClass@2a70a3d8]" name="Testcase2" duration-ms="1" started-at="2023-08-29T08:40:44 IST" description="Login" finished-at="2023-08-29T08:40:44 IST">
          <reporter-output>
          </reporter-output>
        </test-method> <!-- Testcase2 -->
        <test-method status="PASS" signature="AfterMethod()[pri:0, instance:testNgAnnotations.FristClass@2a70a3d8]" name="AfterMethod" is-config="true" duration-ms="0" started-at="2023-08-29T08:40:44 IST" finished-at="2023-08-29T08:40:44 IST">
          <reporter-output>
          </reporter-output>
        </test-method> <!-- AfterMethod -->
        <test-method status="PASS" signature="Testcase1()[pri:-2, instance:testNgAnnotations.FristClass@2a70a3d8]" name="Testcase1" duration-ms="4" started-at="2023-08-29T08:40:44 IST" description="forgotPassword" depends-on-methods="testNgAnnotations.FristClass.Testcase2" finished-at="2023-08-29T08:40:44 IST">
          <reporter-output>
          </reporter-output>
        </test-method> <!-- Testcase1 -->
        <test-method status="PASS" signature="BeforeMethod()[pri:0, instance:testNgAnnotations.FristClass@2a70a3d8]" name="BeforeMethod" is-config="true" duration-ms="0" started-at="2023-08-29T08:40:44 IST" finished-at="2023-08-29T08:40:44 IST">
          <reporter-output>
          </reporter-output>
        </test-method> <!-- BeforeMethod -->
        <test-method status="PASS" signature="AfterMethod()[pri:0, instance:testNgAnnotations.FristClass@2a70a3d8]" name="AfterMethod" is-config="true" duration-ms="0" started-at="2023-08-29T08:40:44 IST" finished-at="2023-08-29T08:40:44 IST">
          <reporter-output>
          </reporter-output>
        </test-method> <!-- AfterMethod -->
        <test-method status="PASS" signature="BeforeMethod()[pri:0, instance:testNgAnnotations.FristClass@2a70a3d8]" name="BeforeMethod" is-config="true" duration-ms="1" started-at="2023-08-29T08:40:44 IST" finished-at="2023-08-29T08:40:44 IST">
          <reporter-output>
          </reporter-output>
        </test-method> <!-- BeforeMethod -->
        <test-method status="PASS" signature="Testcase4()[pri:2, instance:testNgAnnotations.FristClass@2a70a3d8]" name="Testcase4" duration-ms="3" started-at="2023-08-29T08:40:44 IST" description="Login" finished-at="2023-08-29T08:40:44 IST">
          <reporter-output>
          </reporter-output>
        </test-method> <!-- Testcase4 -->
        <test-method status="PASS" signature="AfterMethod()[pri:0, instance:testNgAnnotations.FristClass@2a70a3d8]" name="AfterMethod" is-config="true" duration-ms="1" started-at="2023-08-29T08:40:44 IST" finished-at="2023-08-29T08:40:44 IST">
          <reporter-output>
          </reporter-output>
        </test-method> <!-- AfterMethod -->
        <test-method status="PASS" signature="AfterClass()[pri:0, instance:testNgAnnotations.FristClass@2a70a3d8]" name="AfterClass" is-config="true" duration-ms="2" started-at="2023-08-29T08:40:44 IST" finished-at="2023-08-29T08:40:44 IST">
          <reporter-output>
          </reporter-output>
        </test-method> <!-- AfterClass -->
        <test-method status="PASS" signature="AfterSuite()[pri:0, instance:testNgAnnotations.FristClass@2a70a3d8]" name="AfterSuite" is-config="true" duration-ms="0" started-at="2023-08-29T08:40:44 IST" finished-at="2023-08-29T08:40:44 IST">
          <reporter-output>
          </reporter-output>
        </test-method> <!-- AfterSuite -->
      </class> <!-- testNgAnnotations.FristClass -->
    </test> <!-- Test -->
  </suite> <!-- Suite -->
</testng-results>
